TN:
SF:src\App.tsx
FN:9,(anonymous_0)
FN:12,conectarBanco
FN:18,(anonymous_2)
FNF:3
FNH:0
FNDA:0,(anonymous_0)
FNDA:0,conectarBanco
FNDA:0,(anonymous_2)
DA:9,0
DA:10,0
DA:13,0
DA:15,0
DA:18,0
DA:19,0
DA:22,0
LF:7
LH:0
BRF:0
BRH:0
end_of_record
TN:
SF:src\index.tsx
FN:14,(anonymous_0)
FNF:1
FNH:0
FNDA:0,(anonymous_0)
DA:10,0
DA:14,0
DA:15,0
LF:3
LH:0
BRF:0
BRH:0
end_of_record
TN:
SF:src\rotas.tsx
FN:5,Routes
FNF:1
FNH:0
FNDA:0,Routes
DA:6,0
LF:1
LH:0
BRF:0
BRH:0
end_of_record
TN:
SF:src\componentes\Botao\index.tsx
FN:11,Botao
FNF:1
FNH:1
FNDA:1,Botao
DA:12,1
LF:1
LH:1
BRDA:14,0,0,0
BRDA:14,0,1,1
BRF:2
BRH:1
end_of_record
TN:
SF:src\componentes\Cabecalho\index.tsx
FN:17,(anonymous_0)
FN:20,navegar
FNF:2
FNH:1
FNDA:1,(anonymous_0)
FNDA:0,navegar
DA:17,1
DA:18,1
DA:21,0
DA:24,1
LF:4
LH:3
BRF:0
BRH:0
end_of_record
TN:
SF:src\componentes\Input\index.tsx
FN:10,(anonymous_0)
FN:16,(anonymous_1)
FNF:2
FNH:1
FNDA:1,(anonymous_0)
FNDA:0,(anonymous_1)
DA:10,1
DA:11,1
DA:16,0
LF:3
LH:2
BRF:0
BRH:0
end_of_record
TN:
SF:src\componentes\Listas\Usuarios\index.tsx
FN:15,(anonymous_0)
FN:18,navegar
FNF:2
FNH:1
FNDA:1,(anonymous_0)
FNDA:0,navegar
DA:15,1
DA:16,1
DA:19,0
DA:22,1
LF:4
LH:3
BRF:0
BRH:0
end_of_record
TN:
SF:src\componentes\Loading\index.tsx
FN:11,(anonymous_0)
FNF:1
FNH:1
FNDA:1,(anonymous_0)
DA:11,1
DA:12,1
LF:2
LH:2
BRF:0
BRH:0
end_of_record
TN:
SF:src\componentes\Visualizacao\DadosUsuario\index.tsx
FN:14,(anonymous_0)
FNF:1
FNH:1
FNDA:1,(anonymous_0)
DA:14,1
DA:15,1
LF:2
LH:2
BRF:0
BRH:0
end_of_record
TN:
SF:src\contexto\conexaoBancoContexto.tsx
FNF:0
FNH:0
DA:3,0
LF:1
LH:0
BRF:0
BRH:0
end_of_record
TN:
SF:src\paginas\AdicionarUsuario\index.tsx
FN:17,(anonymous_0)
FN:27,validaFormulario
FN:46,gravaCliente
FNF:3
FNH:0
FNDA:0,(anonymous_0)
FNDA:0,validaFormulario
FNDA:0,gravaCliente
DA:17,0
DA:18,0
DA:20,0
DA:22,0
DA:23,0
DA:24,0
DA:25,0
DA:28,0
DA:29,0
DA:30,0
DA:33,0
DA:34,0
DA:35,0
DA:38,0
DA:39,0
DA:40,0
DA:43,0
DA:47,0
DA:48,0
DA:50,0
DA:52,0
DA:53,0
DA:54,0
DA:56,0
DA:58,0
DA:60,0
DA:62,0
DA:64,0
DA:65,0
DA:66,0
DA:70,0
LF:31
LH:0
BRDA:28,0,0,0
BRDA:28,0,1,0
BRDA:33,1,0,0
BRDA:33,1,1,0
BRDA:38,2,0,0
BRDA:38,2,1,0
BRF:6
BRH:0
end_of_record
TN:
SF:src\paginas\Inicio\index.tsx
FN:26,(anonymous_0)
FN:32,carregarUsuarios
FN:47,(anonymous_2)
FN:65,(anonymous_3)
FN:66,(anonymous_4)
FNF:5
FNH:0
FNDA:0,(anonymous_0)
FNDA:0,carregarUsuarios
FNDA:0,(anonymous_2)
FNDA:0,(anonymous_3)
FNDA:0,(anonymous_4)
DA:26,0
DA:27,0
DA:29,0
DA:30,0
DA:33,0
DA:34,0
DA:36,0
DA:38,0
DA:40,0
DA:42,0
DA:43,0
DA:47,0
DA:48,0
DA:49,0
DA:50,0
DA:55,0
DA:65,0
DA:66,0
LF:18
LH:0
BRDA:48,0,0,0
BRDA:48,0,1,0
BRDA:49,1,0,0
BRDA:49,1,1,0
BRDA:59,2,0,0
BRDA:59,2,1,0
BRF:6
BRH:0
end_of_record
TN:
SF:src\paginas\VisualizarUsuario\index.tsx
FN:7,(anonymous_0)
FNF:1
FNH:0
FNDA:0,(anonymous_0)
DA:7,0
DA:8,0
DA:10,0
DA:12,0
LF:4
LH:0
BRF:0
BRH:0
end_of_record
TN:
SF:src\roteador\PaginasApp\index.tsx
FN:14,PaginasApp
FNF:1
FNH:0
FNDA:0,PaginasApp
DA:12,0
DA:15,0
LF:2
LH:0
BRF:0
BRH:0
end_of_record
